<?xml version="1.0" encoding="UTF-8"?>
<!-- Generated by org.testng.reporters.JUnitReportReporter -->
<testsuite hostname="Binals-MacBook-Air.local" failures="0" tests="4" name="com.crm.qa.testcases.HelpAndContactsPageTest" time="473.223" errors="0" timestamp="19 Oct 2024 00:31:57 GMT" skipped="0">
  <testcase classname="com.crm.qa.testcases.HelpAndContactsPageTest" name="verifyebayLogoTest" time="116.008"/>
  <testcase classname="com.crm.qa.testcases.HelpAndContactsPageTest" name="verifyCustomerServiceTitleTest" time="105.151"/>
  <testcase classname="com.crm.qa.testcases.HelpAndContactsPageTest" name="verifysrTitleTest" time="113.291"/>
  <testcase classname="com.crm.qa.testcases.HelpAndContactsPageTest" name="searchBoxAndSearchBtnTest" time="138.773"/>
</testsuite> <!-- com.crm.qa.testcases.HelpAndContactsPageTest -->
