<?xml version="1.0" encoding="UTF-8"?>
<!-- Generated by org.testng.reporters.JUnitReportReporter -->
<testsuite hostname="Binals-MacBook-Air.local" failures="0" tests="3" name="com.crm.qa.testcases.LoginPageTest" time="159.704" errors="0" timestamp="19 Oct 2024 00:31:57 GMT" skipped="0">
  <testcase classname="com.crm.qa.testcases.LoginPageTest" name="verifyPageTitle" time="43.865"/>
  <testcase classname="com.crm.qa.testcases.LoginPageTest" name="loginTest" time="67.477"/>
  <testcase classname="com.crm.qa.testcases.LoginPageTest" name="verifyGreetingMsgTest" time="48.362"/>
</testsuite> <!-- com.crm.qa.testcases.LoginPageTest -->
