<?xml version="1.0" encoding="UTF-8"?>
<!-- Generated by org.testng.reporters.JUnitReportReporter -->
<testsuite hostname="Binals-MacBook-Air.local" failures="0" tests="3" name="com.crm.qa.testcases.HomePageTest" time="253.809" errors="0" timestamp="19 Oct 2024 00:31:57 GMT" skipped="0">
  <testcase classname="com.crm.qa.testcases.HomePageTest" name="verifyHomePageTitleTest" time="71.950"/>
  <testcase classname="com.crm.qa.testcases.HomePageTest" name="verifyUsernameTest" time="74.725"/>
  <testcase classname="com.crm.qa.testcases.HomePageTest" name="writeInSearchBoxTest" time="107.134"/>
</testsuite> <!-- com.crm.qa.testcases.HomePageTest -->
